<?xml version="1.0" encoding="UTF-8"?>
<!-- Generated by org.testng.reporters.JUnitXMLReporter -->
<testsuite hostname="shivakrishnach" name="MavenJenkinsProject" tests="1" failures="1" timestamp="10 Sep 2014 09:55:46 GMT" time="2.81" errors="0">
  <testcase name="contactUs" time="2.77" classname="com.Jenkins.Test.NexiiContactTest">
    <failure type="org.openqa.selenium.remote.UnreachableBrowserException" message="Could not start a new session. Possible causes are invalid address of the remote server or browser start-up failure.
Build info: version: &amp;apos;2.39.0&amp;apos;, revision: &amp;apos;14fa800511cc5d66d426e08b0b2ab926c7ed7398&amp;apos;, time: &amp;apos;2013-12-16 13:18:38&amp;apos;
System info: host: &amp;apos;shivakrishnach&amp;apos;, ip: &amp;apos;192.168.1.121&amp;apos;, os.name: &amp;apos;Windows 7&amp;apos;, os.arch: &amp;apos;x86&amp;apos;, os.version: &amp;apos;6.1&amp;apos;, java.version: &amp;apos;1.7.0_67&amp;apos;
Driver info: driver.version: ChromeDriver">
      <![CDATA[org.openqa.selenium.remote.UnreachableBrowserException: Could not start a new session. Possible causes are invalid address of the remote server or browser start-up failure.
Build info: version: '2.39.0', revision: '14fa800511cc5d66d426e08b0b2ab926c7ed7398', time: '2013-12-16 13:18:38'
System info: host: 'shivakrishnach', ip: '192.168.1.121', os.name: 'Windows 7', os.arch: 'x86', os.version: '6.1', java.version: '1.7.0_67'
Driver info: driver.version: ChromeDriver
	at org.openqa.selenium.remote.RemoteWebDriver.execute(RemoteWebDriver.java:548)
	at org.openqa.selenium.remote.RemoteWebDriver.startSession(RemoteWebDriver.java:216)
	at org.openqa.selenium.chrome.ChromeDriver.startSession(ChromeDriver.java:182)
	at org.openqa.selenium.remote.RemoteWebDriver.<init>(RemoteWebDriver.java:111)
	at org.openqa.selenium.remote.RemoteWebDriver.<init>(RemoteWebDriver.java:115)
	at org.openqa.selenium.chrome.ChromeDriver.<init>(ChromeDriver.java:161)
	at org.openqa.selenium.chrome.ChromeDriver.<init>(ChromeDriver.java:150)
	at org.openqa.selenium.chrome.ChromeDriver.<init>(ChromeDriver.java:107)
	at testUtils.helper.choosebrowser(helper.java:24)
	at com.Jenkins.Test.NexiiContactTest.contactUs(NexiiContactTest.java:13)
Caused by: org.openqa.selenium.WebDriverException: Unable to convert: {desiredCapabilities=Capabilities [{platform=ANY, browserName=chrome, chromeOptions=org.openqa.selenium.chrome.ChromeOptions@1b550c0, version=, chrome.switches=[]}]}
Build info: version: '2.39.0', revision: '14fa800511cc5d66d426e08b0b2ab926c7ed7398', time: '2013-12-16 13:18:38'
System info: host: 'shivakrishnach', ip: '192.168.1.121', os.name: 'Windows 7', os.arch: 'x86', os.version: '6.1', java.version: '1.7.0_67'
Driver info: driver.version: ChromeDriver
	at org.openqa.selenium.remote.BeanToJsonConverter.convert(BeanToJsonConverter.java:74)
	at org.openqa.selenium.remote.HttpCommandExecutor.execute(HttpCommandExecutor.java:287)
	at org.openqa.selenium.remote.service.DriverCommandExecutor.execute(DriverCommandExecutor.java:66)
	at org.openqa.selenium.remote.RemoteWebDriver.execute(RemoteWebDriver.java:527)
	... 32 more
Build info: version: '2.39.0', revision: '14fa800511cc5d66d426e08b0b2ab926c7ed7398', time: '2013-12-16 13:18:38'
System info: host: 'shivakrishnach', ip: '192.168.1.121', os.name: 'Windows 7', os.arch: 'x86', os.version: '6.1', java.version: '1.7.0_67'
Driver info: driver.version: ChromeDriver
	at org.openqa.selenium.remote.BeanToJsonConverter.convertObject(BeanToJsonConverter.java:236)
	at org.openqa.selenium.remote.BeanToJsonConverter.convertObject(BeanToJsonConverter.java:166)
	at org.openqa.selenium.remote.BeanToJsonConverter.convertObject(BeanToJsonConverter.java:199)
	at org.openqa.selenium.remote.BeanToJsonConverter.convertObject(BeanToJsonConverter.java:166)
	at org.openqa.selenium.remote.BeanToJsonConverter.convert(BeanToJsonConverter.java:64)
	... 35 more
	at org.openqa.selenium.remote.BeanToJsonConverter.convertObject(BeanToJsonConverter.java:230)
	... 39 more
Caused by: java.lang.NoSuchMethodError: com.google.common.collect.ImmutableList.copyOf(Ljava/util/Collection;)Lcom/google/common/collect/ImmutableList;
	at org.openqa.selenium.chrome.ChromeOptions.toJson(ChromeOptions.java:201)
	... 44 more
... Removed 29 stack frames]]>
    </failure>
  </testcase> <!-- contactUs -->
</testsuite> <!-- MavenJenkinsProject -->
